2020-08-19 13:01:10,675 INFO o.a.j.u.JMeterUtils: Setting Locale to en_EN
2020-08-19 13:01:10,699 INFO o.a.j.JMeter: Loading user properties from: /usr/local/Cellar/jmeter/5.3/libexec/bin/user.properties
2020-08-19 13:01:10,702 INFO o.a.j.JMeter: Loading system properties from: /usr/local/Cellar/jmeter/5.3/libexec/bin/system.properties
2020-08-19 13:01:10,702 INFO o.a.j.JMeter: Setting Global property: port=80
2020-08-19 13:01:10,703 INFO o.a.j.JMeter: Setting Global property: url=a9432cc2288bf44ca9c5c6ad9d1445c7-1216397230.ap-northeast-1.elb.amazonaws.com
2020-08-19 13:01:10,704 INFO o.a.j.JMeter: Copyright (c) 1998-2020 The Apache Software Foundation
2020-08-19 13:01:10,704 INFO o.a.j.JMeter: Version 5.3
2020-08-19 13:01:10,704 INFO o.a.j.JMeter: java.version=14.0.2
2020-08-19 13:01:10,704 INFO o.a.j.JMeter: java.vm.name=Java HotSpot(TM) 64-Bit Server VM
2020-08-19 13:01:10,704 INFO o.a.j.JMeter: os.name=Mac OS X
2020-08-19 13:01:10,704 INFO o.a.j.JMeter: os.arch=x86_64
2020-08-19 13:01:10,704 INFO o.a.j.JMeter: os.version=10.15.6
2020-08-19 13:01:10,704 INFO o.a.j.JMeter: file.encoding=UTF-8
2020-08-19 13:01:10,704 INFO o.a.j.JMeter: java.awt.headless=true
2020-08-19 13:01:10,704 INFO o.a.j.JMeter: Max memory     =1073741824
2020-08-19 13:01:10,704 INFO o.a.j.JMeter: Available Processors =8
2020-08-19 13:01:10,712 INFO o.a.j.JMeter: Default Locale=English (EN)
2020-08-19 13:01:10,712 INFO o.a.j.JMeter: JMeter  Locale=English (EN)
2020-08-19 13:01:10,712 INFO o.a.j.JMeter: JMeterHome=/usr/local/Cellar/jmeter/5.3/libexec
2020-08-19 13:01:10,712 INFO o.a.j.JMeter: user.dir  =/Volumes/syq_lxx_lmx/works/jmeter/simple
2020-08-19 13:01:10,714 INFO o.a.j.JMeter: PWD       =/Volumes/syq_lxx_lmx/works/jmeter/simple
2020-08-19 13:01:10,725 INFO o.a.j.JMeter: IP: 192.168.0.10 Name: MacPro.local FullName: 192.168.0.10
2020-08-19 13:01:10,729 INFO o.a.j.s.FileServer: Default base='/Volumes/syq_lxx_lmx/works/jmeter/simple'
2020-08-19 13:01:10,730 INFO o.a.j.s.FileServer: Set new base='/Volumes/syq_lxx_lmx/works/jmeter/simple'
2020-08-19 13:01:10,830 INFO o.a.j.s.SaveService: Testplan (JMX) version: 2.2. Testlog (JTL) version: 2.2
2020-08-19 13:01:10,846 INFO o.a.j.s.SaveService: Using SaveService properties version 5.0
2020-08-19 13:01:10,849 INFO o.a.j.s.SaveService: Using SaveService properties file encoding UTF-8
2020-08-19 13:01:10,852 INFO o.a.j.s.SaveService: Loading file: gwless-eahoserver.jmx
2020-08-19 13:01:10,889 INFO o.a.j.p.h.s.HTTPSamplerBase: Parser for text/html is org.apache.jmeter.protocol.http.parser.LagartoBasedHtmlParser
2020-08-19 13:01:10,889 INFO o.a.j.p.h.s.HTTPSamplerBase: Parser for application/xhtml+xml is org.apache.jmeter.protocol.http.parser.LagartoBasedHtmlParser
2020-08-19 13:01:10,889 INFO o.a.j.p.h.s.HTTPSamplerBase: Parser for application/xml is org.apache.jmeter.protocol.http.parser.LagartoBasedHtmlParser
2020-08-19 13:01:10,889 INFO o.a.j.p.h.s.HTTPSamplerBase: Parser for text/xml is org.apache.jmeter.protocol.http.parser.LagartoBasedHtmlParser
2020-08-19 13:01:10,889 INFO o.a.j.p.h.s.HTTPSamplerBase: Parser for text/vnd.wap.wml is org.apache.jmeter.protocol.http.parser.RegexpHTMLParser
2020-08-19 13:01:10,889 INFO o.a.j.p.h.s.HTTPSamplerBase: Parser for text/css is org.apache.jmeter.protocol.http.parser.CssParser
2020-08-19 13:01:10,943 INFO o.a.j.JMeter: Creating summariser <summary>
2020-08-19 13:01:10,947 INFO o.a.j.e.StandardJMeterEngine: Running the test!
2020-08-19 13:01:10,948 INFO o.a.j.s.SampleEvent: List of sample_variables: []
2020-08-19 13:01:10,948 INFO o.a.j.s.SampleEvent: List of sample_variables: []
2020-08-19 13:01:10,957 INFO o.a.j.e.u.CompoundVariable: Note: Function class names must contain the string: '.functions.'
2020-08-19 13:01:10,957 INFO o.a.j.e.u.CompoundVariable: Note: Function class names must not contain the string: '.gui.'
2020-08-19 13:01:11,154 INFO o.a.j.JMeter: Running test (1597809671154)
2020-08-19 13:01:11,169 INFO o.a.j.e.StandardJMeterEngine: Starting ThreadGroup: 1 : 1req/1sec
2020-08-19 13:01:11,169 INFO o.a.j.e.StandardJMeterEngine: Starting 10 threads for group 1req/1sec.
2020-08-19 13:01:11,169 INFO o.a.j.e.StandardJMeterEngine: Thread will continue on error
2020-08-19 13:01:11,170 INFO o.a.j.t.ThreadGroup: Starting thread group... number=1 threads=10 ramp-up=10 delayedStart=false
2020-08-19 13:01:11,179 INFO o.a.j.t.ThreadGroup: Started thread group number 1
2020-08-19 13:01:11,180 INFO o.a.j.e.StandardJMeterEngine: All thread groups have been started
2020-08-19 13:01:11,217 INFO o.a.j.t.JMeterThread: Thread started: 1req/1sec 1-1
2020-08-19 13:01:11,218 INFO o.a.j.s.FileServer: Stored: /Volumes/syq_lxx_lmx/works/load-test/data.csv
2020-08-19 13:01:11,259 INFO o.a.j.p.h.s.HTTPHCAbstractImpl: Local host = MacPro.local
2020-08-19 13:01:11,265 INFO o.a.j.p.h.s.HTTPHC4Impl: HTTP request retry count = 0
2020-08-19 13:01:11,266 INFO o.a.j.s.SampleResult: Note: Sample TimeStamps are START times
2020-08-19 13:01:11,266 INFO o.a.j.s.SampleResult: sampleresult.default.encoding is set to ISO-8859-1
2020-08-19 13:01:11,266 INFO o.a.j.s.SampleResult: sampleresult.useNanoTime=true
2020-08-19 13:01:11,267 INFO o.a.j.s.SampleResult: sampleresult.nanoThreadSleep=5000
2020-08-19 13:01:11,530 INFO o.a.j.t.JMeterThread: Thread is done: 1req/1sec 1-1
2020-08-19 13:01:11,530 INFO o.a.j.t.JMeterThread: Thread finished: 1req/1sec 1-1
2020-08-19 13:01:12,215 INFO o.a.j.t.JMeterThread: Thread started: 1req/1sec 1-2
2020-08-19 13:01:12,255 INFO o.a.j.t.JMeterThread: Thread is done: 1req/1sec 1-2
2020-08-19 13:01:12,255 INFO o.a.j.t.JMeterThread: Thread finished: 1req/1sec 1-2
2020-08-19 13:01:13,214 INFO o.a.j.t.JMeterThread: Thread started: 1req/1sec 1-3
2020-08-19 13:01:13,255 INFO o.a.j.t.JMeterThread: Thread is done: 1req/1sec 1-3
2020-08-19 13:01:13,256 INFO o.a.j.t.JMeterThread: Thread finished: 1req/1sec 1-3
2020-08-19 13:01:14,218 INFO o.a.j.t.JMeterThread: Thread started: 1req/1sec 1-4
2020-08-19 13:01:14,260 INFO o.a.j.t.JMeterThread: Thread is done: 1req/1sec 1-4
2020-08-19 13:01:14,261 INFO o.a.j.t.JMeterThread: Thread finished: 1req/1sec 1-4
2020-08-19 13:01:15,213 INFO o.a.j.t.JMeterThread: Thread started: 1req/1sec 1-5
2020-08-19 13:01:15,258 INFO o.a.j.t.JMeterThread: Thread is done: 1req/1sec 1-5
2020-08-19 13:01:15,259 INFO o.a.j.t.JMeterThread: Thread finished: 1req/1sec 1-5
2020-08-19 13:01:16,215 INFO o.a.j.t.JMeterThread: Thread started: 1req/1sec 1-6
2020-08-19 13:01:16,253 INFO o.a.j.t.JMeterThread: Thread is done: 1req/1sec 1-6
2020-08-19 13:01:16,253 INFO o.a.j.t.JMeterThread: Thread finished: 1req/1sec 1-6
2020-08-19 13:01:17,213 INFO o.a.j.t.JMeterThread: Thread started: 1req/1sec 1-7
2020-08-19 13:01:17,257 INFO o.a.j.t.JMeterThread: Thread is done: 1req/1sec 1-7
2020-08-19 13:01:17,257 INFO o.a.j.t.JMeterThread: Thread finished: 1req/1sec 1-7
2020-08-19 13:01:18,212 INFO o.a.j.t.JMeterThread: Thread started: 1req/1sec 1-8
2020-08-19 13:01:18,258 INFO o.a.j.t.JMeterThread: Thread is done: 1req/1sec 1-8
2020-08-19 13:01:18,259 INFO o.a.j.t.JMeterThread: Thread finished: 1req/1sec 1-8
2020-08-19 13:01:19,210 INFO o.a.j.t.JMeterThread: Thread started: 1req/1sec 1-9
2020-08-19 13:01:19,332 INFO o.a.j.t.JMeterThread: Thread is done: 1req/1sec 1-9
2020-08-19 13:01:19,333 INFO o.a.j.t.JMeterThread: Thread finished: 1req/1sec 1-9
2020-08-19 13:01:20,208 INFO o.a.j.t.JMeterThread: Thread started: 1req/1sec 1-10
2020-08-19 13:01:20,291 INFO o.a.j.t.JMeterThread: Thread is done: 1req/1sec 1-10
2020-08-19 13:01:20,292 INFO o.a.j.t.JMeterThread: Thread finished: 1req/1sec 1-10
2020-08-19 13:01:20,292 INFO o.a.j.e.StandardJMeterEngine: Notifying test listeners of end of test
2020-08-19 13:01:20,292 INFO o.a.j.s.FileServer: Close: /Volumes/syq_lxx_lmx/works/load-test/data.csv
2020-08-19 13:01:20,299 INFO o.a.j.r.Summariser: summary =     10 in 00:00:09 =    1.1/s Avg:    40 Min:    18 Max:   209 Err:     0 (0.00%)
